[1020/173717:INFO:broker_services.cc(92)] BrokerServicesBase::BrokerServicesBase 00F9F548
[1020/173743:INFO:broker_services.cc(92)] BrokerServicesBase::BrokerServicesBase 00FCDE10
[1020/174706:INFO:broker_services.cc(92)] BrokerServicesBase::BrokerServicesBase 0116EC70
[1020/174819:INFO:broker_services.cc(92)] BrokerServicesBase::BrokerServicesBase 00F8F848
[1020/175844:INFO:broker_services.cc(92)] BrokerServicesBase::BrokerServicesBase 010FAC38
[1020/180018:INFO:broker_services.cc(92)] BrokerServicesBase::BrokerServicesBase 0120EA80
[1020/181119:INFO:broker_services.cc(92)] BrokerServicesBase::BrokerServicesBase 0149E098
[1020/181150:INFO:broker_services.cc(92)] BrokerServicesBase::BrokerServicesBase 00DFFBE0
[1020/182117:INFO:broker_services.cc(92)] BrokerServicesBase::BrokerServicesBase 0144DDB8
[1021/100103:INFO:broker_services.cc(92)] BrokerServicesBase::BrokerServicesBase 0071FEE8
[1021/103956:INFO:broker_services.cc(92)] BrokerServicesBase::BrokerServicesBase 00E5BF20
[1021/144648:INFO:broker_services.cc(92)] BrokerServicesBase::BrokerServicesBase 00C1C978
[1021/153053:INFO:broker_services.cc(92)] BrokerServicesBase::BrokerServicesBase 010DC4D8
[1021/160141:INFO:broker_services.cc(92)] BrokerServicesBase::BrokerServicesBase 0095CE70
[1021/171405:INFO:broker_services.cc(92)] BrokerServicesBase::BrokerServicesBase 0104EBD0
[1021/174921:INFO:broker_services.cc(92)] BrokerServicesBase::BrokerServicesBase 00A3CFD8
[1026/140955:INFO:broker_services.cc(92)] BrokerServicesBase::BrokerServicesBase 00A0E890
[1026/141438:INFO:broker_services.cc(92)] BrokerServicesBase::BrokerServicesBase 0179C088
[1028/110618:INFO:broker_services.cc(92)] BrokerServicesBase::BrokerServicesBase 01239130
[1028/143319:INFO:broker_services.cc(92)] BrokerServicesBase::BrokerServicesBase 014ECFC0
[1028/145103:INFO:broker_services.cc(92)] BrokerServicesBase::BrokerServicesBase 0155CA28
